Rebuild target 'test'
compiling main.c...
.\HARDWARE\ADC3\adc.h(4): error:  #5: cannot open source input file "stm32f0xx.h": No such file or directory
  #include "stm32f0xx.h"
USER\main.c: 0 warnings, 1 error
compiling stm32f10x_it.c...
compiling system_stm32f10x.c...
compiling core_cm3.c...
assembling startup_stm32f10x_md.s...
compiling misc.c...
compiling stm32f10x_adc.c...
compiling stm32f10x_bkp.c...
compiling stm32f10x_can.c...
compiling stm32f10x_cec.c...
compiling stm32f10x_crc.c...
compiling stm32f10x_dac.c...
compiling stm32f10x_dbgmcu.c...
compiling stm32f10x_dma.c...
compiling stm32f10x_exti.c...
compiling stm32f10x_flash.c...
compiling stm32f10x_fsmc.c...
compiling stm32f10x_gpio.c...
compiling stm32f10x_i2c.c...
compiling stm32f10x_iwdg.c...
compiling stm32f10x_pwr.c...
compiling stm32f10x_rcc.c...
compiling stm32f10x_rtc.c...
compiling stm32f10x_sdio.c...
compiling stm32f10x_spi.c...
compiling stm32f10x_tim.c...
compiling stm32f10x_usart.c...
compiling stm32f10x_wwdg.c...
compiling sys.c...
compiling delay.c...
compiling led.c...
HARDWARE\LED\led.c(38): warning:  #1-D: last line of file ends without a newline
  }
HARDWARE\LED\led.c: 1 warning, 0 errors
compiling esp.c...
"no source": Error:  #5: cannot open source input file "HARDWARE\esp8266\esp.c": No such file or directory
HARDWARE\esp8266\esp.c: 0 warnings, 1 error
compiling usart3.c...
HARDWARE\usart3\usart3.c(6): error:  #5: cannot open source input file "esp.h": No such file or directory
  #include "esp.h"
HARDWARE\usart3\usart3.c: 0 warnings, 1 error
compiling Timer.c...
HARDWARE\timer\Timer.h(7): warning:  #1-D: last line of file ends without a newline
  #endif
HARDWARE\timer\Timer.c(4): error:  #147-D: declaration is incompatible with "void TIM3_PWM_Init(uint16_t, uint16_t, uint16_t)" (declared at line 5 of "HARDWARE\timer\Timer.h")
  void TIM3_PWM_Init(uint16_t TIM3_Prescaler, uint16_t TIM_Period)
HARDWARE\timer\Timer.c: 1 warning, 1 error
compiling OLED.c...
"no source": Error:  #5: cannot open source input file "HARDWARE\SPI\OLED.c": No such file or directory
HARDWARE\SPI\OLED.c: 0 warnings, 1 error
compiling adc.c...
HARDWARE\ADC3\adc.h(4): error:  #5: cannot open source input file "stm32f0xx.h": No such file or directory
  #include "stm32f0xx.h"
HARDWARE\ADC3\adc.c: 0 warnings, 1 error
compiling DHT11.c...
"no source": Error:  #5: cannot open source input file "HARDWARE\values\DHT11.c": No such file or directory
HARDWARE\values\DHT11.c: 0 warnings, 1 error
compiling values.c...
"no source": Error:  #5: cannot open source input file "HARDWARE\values\values.c": No such file or directory
HARDWARE\values\values.c: 0 warnings, 1 error
".\Objects\test1.axf" - 4 Error(s), 2 Warning(s).
Target not created.
